Flow report for LogicalStep_Lab3_top
Tue Mar 06 18:43:59 2018
Quartus Prime Version 17.1.0 Build 590 10/25/2017 SJ Lite Edition


---------------------
; Table of Contents ;
---------------------
  1. Legal Notice
  2. Flow Summary
  3. Flow Settings
  4. Flow Non-Default Global Settings
  5. Flow Elapsed Time
  6. Flow OS Summary
  7. Flow Log
  8. Flow Messages
  9. Flow Suppressed Messages



----------------
; Legal Notice ;
----------------
Copyright (C) 2017  Intel Corporation. All rights reserved.
Your use of Intel Corporation's design tools, logic functions 
and other software and tools, and its AMPP partner logic 
functions, and any output files from any of the foregoing 
(including device programming or simulation files), and any 
associated documentation or information are expressly subject 
to the terms and conditions of the Intel Program License 
Subscription Agreement, the Intel Quartus Prime License Agreement,
the Intel FPGA IP License Agreement, or other applicable license
agreement, including, without limitation, that your use is for
the sole purpose of programming logic devices manufactured by
Intel and sold by Intel or its authorized distributors.  Please
refer to the applicable agreement for further details.



+----------------------------------------------------------------------------------+
; Flow Summary                                                                     ;
+------------------------------------+---------------------------------------------+
; Flow Status                        ; Successful - Tue Mar 06 18:43:56 2018       ;
; Quartus Prime Version              ; 17.1.0 Build 590 10/25/2017 SJ Lite Edition ;
; Revision Name                      ; LogicalStep_Lab3_top                        ;
; Top-level Entity Name              ; LogicalStep_Lab3_top                        ;
; Family                             ; MAX 10                                      ;
; Device                             ; 10M08SAE144C8G                              ;
; Timing Models                      ; Final                                       ;
; Total logic elements               ; 45 / 8,064 ( < 1 % )                        ;
;     Total combinational functions  ; 45 / 8,064 ( < 1 % )                        ;
;     Dedicated logic registers      ; 11 / 8,064 ( < 1 % )                        ;
; Total registers                    ; 11                                          ;
; Total pins                         ; 30 / 101 ( 30 % )                           ;
; Total virtual pins                 ; 0                                           ;
; Total memory bits                  ; 0 / 387,072 ( 0 % )                         ;
; Embedded Multiplier 9-bit elements ; 0 / 48 ( 0 % )                              ;
; Total PLLs                         ; 0 / 1 ( 0 % )                               ;
; UFM blocks                         ; 0 / 1 ( 0 % )                               ;
; ADC blocks                         ; 0 / 1 ( 0 % )                               ;
+------------------------------------+---------------------------------------------+


+------------------------------------------+
; Flow Settings                            ;
+-------------------+----------------------+
; Option            ; Setting              ;
+-------------------+----------------------+
; Start date & time ; 03/06/2018 18:43:14  ;
; Main task         ; Compilation          ;
; Revision Name     ; LogicalStep_Lab3_top ;
+-------------------+----------------------+


+-----------------------------------------------------------------------------------------------------------------------------+
; Flow Non-Default Global Settings                                                                                            ;
+-------------------------------------+----------------------------------------+---------------+-------------+----------------+
; Assignment Name                     ; Value                                  ; Default Value ; Entity Name ; Section Id     ;
+-------------------------------------+----------------------------------------+---------------+-------------+----------------+
; COMPILER_SIGNATURE_ID               ; 105852887196222.152037979306048        ; --            ; --          ; --             ;
; EDA_OUTPUT_DATA_FORMAT              ; Vhdl                                   ; --            ; --          ; eda_simulation ;
; FLOW_ENABLE_POWER_ANALYZER          ; On                                     ; Off           ; --          ; --             ;
; IOBANK_VCCIO                        ; 3.3V                                   ; --            ; --          ; 1A             ;
; IOBANK_VCCIO                        ; 3.3V                                   ; --            ; --          ; 1B             ;
; IOBANK_VCCIO                        ; 3.3V                                   ; --            ; --          ; 2              ;
; IOBANK_VCCIO                        ; 3.3V                                   ; --            ; --          ; 3              ;
; IOBANK_VCCIO                        ; 3.3V                                   ; --            ; --          ; 4              ;
; IOBANK_VCCIO                        ; 3.3V                                   ; --            ; --          ; 5              ;
; IOBANK_VCCIO                        ; 3.3V                                   ; --            ; --          ; 6              ;
; IOBANK_VCCIO                        ; 3.3V                                   ; --            ; --          ; 7              ;
; IOBANK_VCCIO                        ; 3.3V                                   ; --            ; --          ; 8              ;
; MAX_CORE_JUNCTION_TEMP              ; 85                                     ; --            ; --          ; --             ;
; MIN_CORE_JUNCTION_TEMP              ; 0                                      ; --            ; --          ; --             ;
; OUTPUT_IO_TIMING_FAR_END_VMEAS      ; Half Signal Swing                      ; --            ; --          ; --             ;
; OUTPUT_IO_TIMING_FAR_END_VMEAS      ; Half Signal Swing                      ; --            ; --          ; --             ;
; OUTPUT_IO_TIMING_NEAR_END_VMEAS     ; Half Vccio                             ; --            ; --          ; --             ;
; OUTPUT_IO_TIMING_NEAR_END_VMEAS     ; Half Vccio                             ; --            ; --          ; --             ;
; PARTITION_COLOR                     ; -- (Not supported for targeted family) ; --            ; --          ; Top            ;
; PARTITION_FITTER_PRESERVATION_LEVEL ; -- (Not supported for targeted family) ; --            ; --          ; Top            ;
; PARTITION_NETLIST_TYPE              ; -- (Not supported for targeted family) ; --            ; --          ; Top            ;
; POWER_BOARD_THERMAL_MODEL           ; None (CONSERVATIVE)                    ; --            ; --          ; --             ;
; POWER_DEFAULT_INPUT_IO_TOGGLE_RATE  ; 12.5 %                                 ; 12.5%         ; --          ; --             ;
; POWER_PRESET_COOLING_SOLUTION       ; 23 MM HEAT SINK WITH 200 LFPM AIRFLOW  ; --            ; --          ; --             ;
; PROJECT_OUTPUT_DIRECTORY            ; output_files                           ; --            ; --          ; --             ;
; TIMEQUEST_MULTICORNER_ANALYSIS      ; Off                                    ; On            ; --          ; --             ;
+-------------------------------------+----------------------------------------+---------------+-------------+----------------+


+-------------------------------------------------------------------------------------------------------------------------------+
; Flow Elapsed Time                                                                                                             ;
+---------------------------+--------------+-------------------------+---------------------+------------------------------------+
; Module Name               ; Elapsed Time ; Average Processors Used ; Peak Virtual Memory ; Total CPU Time (on all processors) ;
+---------------------------+--------------+-------------------------+---------------------+------------------------------------+
; Analysis & Synthesis      ; 00:00:13     ; 1.0                     ; 697 MB              ; 00:00:28                           ;
; Fitter                    ; 00:00:13     ; 1.0                     ; 1406 MB             ; 00:00:10                           ;
; Assembler                 ; 00:00:01     ; 1.0                     ; 585 MB              ; 00:00:01                           ;
; Power Analyzer            ; 00:00:10     ; 1.0                     ; 717 MB              ; 00:00:09                           ;
; TimeQuest Timing Analyzer ; 00:00:02     ; 1.0                     ; 610 MB              ; 00:00:02                           ;
; Total                     ; 00:00:39     ; --                      ; --                  ; 00:00:50                           ;
+---------------------------+--------------+-------------------------+---------------------+------------------------------------+


+-----------------------------------------------------------------------------------------+
; Flow OS Summary                                                                         ;
+---------------------------+------------------+------------+------------+----------------+
; Module Name               ; Machine Hostname ; OS Name    ; OS Version ; Processor type ;
+---------------------------+------------------+------------+------------+----------------+
; Analysis & Synthesis      ; DESKTOP-EPCK626  ; Windows 10 ; 10.0       ; x86_64         ;
; Fitter                    ; DESKTOP-EPCK626  ; Windows 10 ; 10.0       ; x86_64         ;
; Assembler                 ; DESKTOP-EPCK626  ; Windows 10 ; 10.0       ; x86_64         ;
; Power Analyzer            ; DESKTOP-EPCK626  ; Windows 10 ; 10.0       ; x86_64         ;
; TimeQuest Timing Analyzer ; DESKTOP-EPCK626  ; Windows 10 ; 10.0       ; x86_64         ;
+---------------------------+------------------+------------+------------+----------------+


------------
; Flow Log ;
------------
quartus_map --read_settings_files=on --write_settings_files=off LogicalStep_Lab3 -c LogicalStep_Lab3_top
quartus_fit --read_settings_files=off --write_settings_files=off LogicalStep_Lab3 -c LogicalStep_Lab3_top
quartus_asm --read_settings_files=off --write_settings_files=off LogicalStep_Lab3 -c LogicalStep_Lab3_top
quartus_pow --read_settings_files=off --write_settings_files=off LogicalStep_Lab3 -c LogicalStep_Lab3_top
quartus_sta LogicalStep_Lab3 -c LogicalStep_Lab3_top



